Using pre-set license

 COMMAND LINE ARGUMENTS:
/Users/jamiemccarthy/Documents/Unity Stuff/2020.2.4f1/Unity.app/Contents/MacOS/Unity
-adb2
-batchMode
-noUpm
-name
AssetImportWorker0
-projectPath
/Users/jamiemccarthy/Documents/Unity Stuff/GameEnginesFork/GE2-2020-2021/Game Engines 2 Examples 2021
-logFile
Logs/AssetImportWorker0.log
-srvPort
52076
Successfully changed project path to: /Users/jamiemccarthy/Documents/Unity Stuff/GameEnginesFork/GE2-2020-2021/Game Engines 2 Examples 2021
/Users/jamiemccarthy/Documents/Unity Stuff/GameEnginesFork/GE2-2020-2021/Game Engines 2 Examples 2021
Using Asset Import Pipeline V2.
Refreshing native plugins compatible for Editor in 29.73 ms, found 1 plugins.
Preloading 0 native plugins for Editor in 0.00 ms.
Initialize engine version: 2020.2.4f1 (becced5a802b)
[Subsystems] Discovering subsystems at path /Users/jamiemccarthy/Documents/Unity Stuff/2020.2.4f1/Unity.app/Contents/Resources/UnitySubsystems
[Subsystems] Discovering subsystems at path /Users/jamiemccarthy/Documents/Unity Stuff/GameEnginesFork/GE2-2020-2021/Game Engines 2 Examples 2021/Assets
GfxDevice: creating device client; threaded=0
2021-02-26 12:05:29.123 Unity[4652:134253] Color LCD preferred device: AMD Radeon Pro 5500M (high power)
2021-02-26 12:05:29.123 Unity[4652:134253] Metal devices available: 2
2021-02-26 12:05:29.123 Unity[4652:134253] 0: AMD Radeon Pro 5500M (high power)
2021-02-26 12:05:29.123 Unity[4652:134253] 1: Intel(R) UHD Graphics 630 (low power)
2021-02-26 12:05:29.123 Unity[4652:134253] Using device AMD Radeon Pro 5500M (high power)
Initializing Metal device caps: AMD Radeon Pro 5500M
Initialize mono
Mono path[0] = '/Users/jamiemccarthy/Documents/Unity Stuff/2020.2.4f1/Unity.app/Contents/Managed'
Mono path[1] = '/Users/jamiemccarthy/Documents/Unity Stuff/2020.2.4f1/Unity.app/Contents/MonoBleedingEdge/lib/mono/unityjit'
Mono config path = '/Users/jamiemccarthy/Documents/Unity Stuff/2020.2.4f1/Unity.app/Contents/MonoBleedingEdge/etc'
Using monoOptions --debugger-agent=transport=dt_socket,embedding=1,server=y,suspend=n,address=127.0.0.1:56652
Begin MonoManager ReloadAssembly
Registering precompiled unity dll's ...
Register platform support module: /Users/jamiemccarthy/Documents/Unity Stuff/2020.2.4f1/PlaybackEngines/WebGLSupport/UnityEditor.WebGL.Extensions.dll
Register platform support module: /Users/jamiemccarthy/Documents/Unity Stuff/2020.2.4f1/Unity.app/Contents/PlaybackEngines/MacStandaloneSupport/UnityEditor.OSXStandalone.Extensions.dll
Register platform support module: /Users/jamiemccarthy/Documents/Unity Stuff/2020.2.4f1/PlaybackEngines/WindowsStandaloneSupport/UnityEditor.WindowsStandalone.Extensions.dll
Registered in 0.000911 seconds.
Native extension for WindowsStandalone target not found
Native extension for OSXStandalone target not found
Native extension for WebGL target not found
Refreshing native plugins compatible for Editor in 24.71 ms, found 1 plugins.
Preloading 0 native plugins for Editor in 0.00 ms.
Invoked RoslynAnalysisRunner static constructor.
RoslynAnalysisRunner will not be running.
RoslynAnalysisRunner has terminated.
Mono: successfully reloaded assembly
- Completed reload, in  1.964 seconds
Platform modules already initialized, skipping
Registering precompiled user dll's ...
Registered in 0.001138 seconds.
Begin MonoManager ReloadAssembly
Native extension for WindowsStandalone target not found
Native extension for OSXStandalone target not found
Native extension for WebGL target not found
Refreshing native plugins compatible for Editor in 0.30 ms, found 1 plugins.
Preloading 0 native plugins for Editor in 0.00 ms.
Invoked RoslynAnalysisRunner static constructor.
RoslynAnalysisRunner will not be running.
RoslynAnalysisRunner has terminated.
Mono: successfully reloaded assembly
- Completed reload, in  0.835 seconds
Platform modules already initialized, skipping
========================================================================
Worker process is ready to serve import requests
Launching external process: /Users/jamiemccarthy/Documents/Unity Stuff/2020.2.4f1/Unity.app/Contents/Tools/UnityShaderCompiler
Launched and connected shader compiler UnityShaderCompiler after 0.01 seconds
Refreshing native plugins compatible for Editor in 0.32 ms, found 1 plugins.
Preloading 0 native plugins for Editor in 0.00 ms.
Unloading 1391 Unused Serialized files (Serialized files now loaded: 0)
System memory in use before: 119.7 MB.
System memory in use after: 119.8 MB.

Unloading 33 unused Assets to reduce memory usage. Loaded Objects now: 1820.
Total: 2.017482 ms (FindLiveObjects: 0.188336 ms CreateObjectMapping: 0.063743 ms MarkObjects: 1.688533 ms  DeleteObjects: 0.075389 ms)

========================================================================
Received Import Request.
  path: Assets/Scenes/PathFollowing.unity
  artifactKey: Guid(1e10d4fb6ea5e0e488b57816623d7978) Importer(815301076,1909f56bfc062723c751e8b465ee728b)
Start importing Assets/Scenes/PathFollowing.unity using Guid(1e10d4fb6ea5e0e488b57816623d7978) Importer(815301076,1909f56bfc062723c751e8b465ee728b)  -> (artifact id: '86727007b3f272850d75a359e7bfb61a') in 0.012227 seconds
  Import took 0.015053 seconds .

========================================================================
Received Prepare
Registering precompiled user dll's ...
Registered in 0.001234 seconds.
Begin MonoManager ReloadAssembly
Native extension for WindowsStandalone target not found
Native extension for OSXStandalone target not found
Native extension for WebGL target not found
Refreshing native plugins compatible for Editor in 0.36 ms, found 1 plugins.
Preloading 0 native plugins for Editor in 0.00 ms.
Invoked RoslynAnalysisRunner static constructor.
RoslynAnalysisRunner will not be running.
RoslynAnalysisRunner has terminated.
Mono: successfully reloaded assembly
- Completed reload, in  0.757 seconds
Platform modules already initialized, skipping
Refreshing native plugins compatible for Editor in 0.23 ms, found 1 plugins.
Preloading 0 native plugins for Editor in 0.00 ms.
Unloading 1385 Unused Serialized files (Serialized files now loaded: 0)
System memory in use before: 119.7 MB.
System memory in use after: 119.8 MB.

Unloading 24 unused Assets to reduce memory usage. Loaded Objects now: 1822.
Total: 1.968241 ms (FindLiveObjects: 0.201204 ms CreateObjectMapping: 0.063102 ms MarkObjects: 1.679570 ms  DeleteObjects: 0.022953 ms)

========================================================================
Received Import Request.
  Time since last request: 73.502179 seconds.
  path: Assets/BigBoid.cs
  artifactKey: Guid(6fe969a515bfd61489be563722b8ad3c) Importer(815301076,1909f56bfc062723c751e8b465ee728b)
Start importing Assets/BigBoid.cs using Guid(6fe969a515bfd61489be563722b8ad3c) Importer(815301076,1909f56bfc062723c751e8b465ee728b)  -> (artifact id: '49a5d360e51f6b4e3ec0405928f49da3') in 0.242016 seconds
  Import took 0.244317 seconds .

